<?xml version="1.0" encoding="UTF-8"?>
<!-- Generated by org.testng.reporters.JUnitReportReporter -->
<testsuite hostname="lenovo-Lenovo-IdeaPad-Z400" failures="0" tests="4" name="api.test.testUser" time="5.433" errors="0" timestamp="2023-07-15T05:36:08 COT" skipped="0">
  <testcase classname="api.test.testUser" name="testPostUser" time="3.541"/>
  <system-out/>
  <testcase classname="api.test.testUser" name="testGetUser" time="0.525"/>
  <system-out/>
  <testcase classname="api.test.testUser" name="testUpdateUser" time="0.920"/>
  <system-out/>
  <testcase classname="api.test.testUser" name="testDeleteUser" time="0.447"/>
  <system-out/>
</testsuite> <!-- api.test.testUser -->
