<?xml version="1.0" encoding="UTF-8"?>
<!-- Generated by org.testng.reporters.JUnitReportReporter -->
<testsuite hostname="lenovo-Lenovo-IdeaPad-Z400" failures="0" tests="6" name="api.test.DDT" time="6.506" errors="0" timestamp="2023-07-09T13:40:44 COT" skipped="0">
  <testcase classname="api.test.DDT" name="testPostUsers" time="0.498"/>
  <system-out/>
  <testcase classname="api.test.DDT" name="testPostUsers" time="3.804"/>
  <system-out/>
  <testcase classname="api.test.DDT" name="testPostUsers" time="0.507"/>
  <system-out/>
  <testcase classname="api.test.DDT" name="testDeleteUsers" time="0.496"/>
  <system-out/>
  <testcase classname="api.test.DDT" name="testDeleteUsers" time="0.469"/>
  <system-out/>
  <testcase classname="api.test.DDT" name="testDeleteUsers" time="0.732"/>
  <system-out/>
</testsuite> <!-- api.test.DDT -->
