<?xml version="1.0" encoding="UTF-8"?>
<!-- Generated by org.testng.reporters.JUnitReportReporter -->
<testsuite hostname="lenovo-Lenovo-IdeaPad-Z400" failures="0" tests="4" name="api.test.testUser" time="7.222" errors="0" timestamp="2023-07-15T21:41:39 COT" skipped="0">
  <testcase classname="api.test.testUser" name="testPostUser" time="4.289"/>
  <system-out/>
  <testcase classname="api.test.testUser" name="testGetUser" time="0.586"/>
  <system-out/>
  <testcase classname="api.test.testUser" name="testUpdateUser" time="1.745"/>
  <system-out/>
  <testcase classname="api.test.testUser" name="testDeleteUser" time="0.602"/>
  <system-out/>
</testsuite> <!-- api.test.testUser -->
